<?xml version="1.0" encoding="UTF-8"?>
<!-- Generated by org.testng.reporters.JUnitReportReporter -->
<testsuite hostname="DESKTOP-QCHMO02" failures="0" tests="6" name="testCases.Login" time="78.452" errors="0" timestamp="2022-06-06T01:54:19 AEST" skipped="0">
  <testcase classname="testCases.Login" name="login_pos_user1" time="5.038"/>
  <system-out/>
  <testcase classname="testCases.Login" name="login_pos_user1" time="3.256"/>
  <system-out/>
  <testcase classname="testCases.Login" name="login_pos_user1" time="3.268"/>
  <system-out/>
  <testcase classname="testCases.Login" name="login_pos_user1" time="24.161"/>
  <system-out/>
  <testcase classname="testCases.Login" name="login_pos_user1" time="21.339"/>
  <system-out/>
  <testcase classname="testCases.Login" name="login_pos_user1" time="21.390"/>
  <system-out/>
</testsuite> <!-- testCases.Login -->
