<?xml version="1.0" encoding="UTF-8"?>
<!-- Generated by org.testng.reporters.JUnitReportReporter -->
<testsuite hostname="DESKTOP-QCHMO02" failures="0" tests="1" name="com.example.SampleTest" time="0.003" errors="0" timestamp="2022-05-31T00:18:07 AEST" skipped="0">
  <testcase classname="com.example.SampleTest" name="Test1" time="0.003"/>
  <system-out/>
</testsuite> <!-- com.example.SampleTest -->
