<?xml version="1.0" encoding="UTF-8"?>
<!-- Generated by org.testng.reporters.JUnitReportReporter -->
<testsuite hostname="DESKTOP-QCHMO02" failures="0" tests="1" name="testCases.Quiz" time="50.081" errors="0" timestamp="2022-06-06T17:42:07 AEST" skipped="0">
  <testcase classname="testCases.Quiz" name="login_pos_user1" time="50.081"/>
  <system-out/>
</testsuite> <!-- testCases.Quiz -->
